PID 6683 received SIGSEGV for address: 0x20
0   segfault-handler.node               0x00000001022dc168 _ZL16segfault_handleriP9__siginfoPv + 280
1   libsystem_platform.dylib            0x00007fff75089f5a _sigtramp + 26
2   ???                                 0x000000010247eb5a 0x0 + 4333235034
3   iohook.node                         0x00000001022e9c90 hook_event_proc + 2000
4   SkyLight                            0x00007fff6ee38c0e processDecodedEventRef + 112
5   SkyLight                            0x00007fff6ee3847e processEventTapData + 567
6   SkyLight                            0x00007fff6ede8425 _XPostEventTapData + 278
7   SkyLight                            0x00007fff6ee381e9 eventTapMessageHandler + 132
8   CoreFoundation                      0x00007fff4d4fa306 __CFMachPortPerform + 310
9   CoreFoundation                      0x00007fff4d4fa1b9 __CFRUNLOOP_IS_CALLING_OUT_TO_A_SOURCE1_PERFORM_FUNCTION__ + 41
10  CoreFoundation                      0x00007fff4d4fa105 __CFRunLoopDoSource1 + 533
11  CoreFoundation                      0x00007fff4d4f1cf0 __CFRunLoopRun + 2848
12  CoreFoundation                      0x00007fff4d4f0f43 CFRunLoopRunSpecific + 483
13  CoreFoundation                      0x00007fff4d52f8f3 CFRunLoopRun + 99
14  iohook.node                         0x00000001022eae15 hook_run + 1749
15  iohook.node                         0x00000001022e655e _Z16hook_thread_procPv + 14
16  libsystem_pthread.dylib             0x00007fff750936c1 _pthread_body + 340
17  libsystem_pthread.dylib             0x00007fff7509356d _pthread_body + 0
18  libsystem_pthread.dylib             0x00007fff75092c5d thread_start + 13
